{"total": {"lines":{"total":63,"covered":63,"skipped":0,"pct":100},"statements":{"total":70,"covered":69,"skipped":0,"pct":98.57},"functions":{"total":14,"covered":14,"skipped":0,"pct":100},"branches":{"total":46,"covered":39,"skipped":0,"pct":84.78},"branchesTrue":{"total":0,"covered":0,"skipped":0,"pct":"Unknown"}}
,"/Users/juancavallotti/Documents/development/eetr-auth/packages/eetr-auth-client/src/api.ts": {"lines":{"total":24,"covered":24,"skipped":0,"pct":100},"functions":{"total":5,"covered":5,"skipped":0,"pct":100},"statements":{"total":31,"covered":30,"skipped":0,"pct":96.77},"branches":{"total":24,"covered":19,"skipped":0,"pct":79.16}}
,"/Users/juancavallotti/Documents/development/eetr-auth/packages/eetr-auth-client/src/discovery.ts": {"lines":{"total":10,"covered":10,"skipped":0,"pct":100},"functions":{"total":2,"covered":2,"skipped":0,"pct":100},"statements":{"total":10,"covered":10,"skipped":0,"pct":100},"branches":{"total":4,"covered":4,"skipped":0,"pct":100}}
,"/Users/juancavallotti/Documents/development/eetr-auth/packages/eetr-auth-client/src/jwt.ts": {"lines":{"total":13,"covered":13,"skipped":0,"pct":100},"functions":{"total":3,"covered":3,"skipped":0,"pct":100},"statements":{"total":13,"covered":13,"skipped":0,"pct":100},"branches":{"total":7,"covered":7,"skipped":0,"pct":100}}
,"/Users/juancavallotti/Documents/development/eetr-auth/packages/eetr-auth-client/src/tokens.ts": {"lines":{"total":16,"covered":16,"skipped":0,"pct":100},"functions":{"total":4,"covered":4,"skipped":0,"pct":100},"statements":{"total":16,"covered":16,"skipped":0,"pct":100},"branches":{"total":11,"covered":9,"skipped":0,"pct":81.81}}
}
